
  .   ____          _            __ _ _
 /\\ / ___'_ __ _ _(_)_ __  __ _ \ \ \ \
( ( )\___ | '_ | '_| | '_ \/ _` | \ \ \ \
 \\/  ___)| |_)| | | | | || (_| |  ) ) ) )
  '  |____| .__|_| |_|_| |_\__, | / / / /
 =========|_|==============|___/=/_/_/_/

 :: Spring Boot ::               (v3.5.13)

2026-04-12 16:57:45.465 INFO  [background-preinit] [rid:] o.h.validator.internal.util.Version - HV000001: Hibernate Validator 8.0.3.Final
2026-04-12 16:57:45.518 INFO  [main] [rid:] p.e.u.p.ProyectoIntegradorCasachantillyApplication - Starting ProyectoIntegradorCasachantillyApplication using Java 21.0.9 with PID 27816 (C:\Users\felix\Downloads\proyecto-integrador-casachantilly\target\classes started by felix in C:\Users\felix\Downloads\proyecto-integrador-casachantilly)
2026-04-12 16:57:45.520 INFO  [main] [rid:] p.e.u.p.ProyectoIntegradorCasachantillyApplication - No active profile set, falling back to 1 default profile: "default"
2026-04-12 16:57:46.451 INFO  [main] [rid:] o.s.d.r.c.RepositoryConfigurationDelegate - Bootstrapping Spring Data JPA repositories in DEFAULT mode.
2026-04-12 16:57:46.563 INFO  [main] [rid:] o.s.d.r.c.RepositoryConfigurationDelegate - Finished Spring Data repository scanning in 105 ms. Found 25 JPA repository interfaces.
2026-04-12 16:57:46.977 INFO  [main] [rid:] o.s.b.w.e.tomcat.TomcatWebServer - Tomcat initialized with port 8081 (http)
2026-04-12 16:57:46.989 INFO  [main] [rid:] o.a.coyote.http11.Http11NioProtocol - Initializing ProtocolHandler ["http-nio-8081"]
2026-04-12 16:57:46.991 INFO  [main] [rid:] o.a.catalina.core.StandardService - Starting service [Tomcat]
2026-04-12 16:57:46.991 INFO  [main] [rid:] o.a.catalina.core.StandardEngine - Starting Servlet engine: [Apache Tomcat/10.1.53]
2026-04-12 16:57:47.054 INFO  [main] [rid:] o.a.c.c.C.[Tomcat].[localhost].[/] - Initializing Spring embedded WebApplicationContext
2026-04-12 16:57:47.054 INFO  [main] [rid:] o.s.b.w.s.c.ServletWebServerApplicationContext - Root WebApplicationContext: initialization completed in 1503 ms
2026-04-12 16:57:47.286 INFO  [main] [rid:] com.zaxxer.hikari.HikariDataSource - HikariPool-1 - Starting...
2026-04-12 16:57:47.407 INFO  [main] [rid:] com.zaxxer.hikari.pool.HikariPool - HikariPool-1 - Added connection com.mysql.cj.jdbc.ConnectionImpl@3c8fe8ad
2026-04-12 16:57:47.410 INFO  [main] [rid:] com.zaxxer.hikari.HikariDataSource - HikariPool-1 - Start completed.
2026-04-12 16:57:47.813 INFO  [main] [rid:] org.flywaydb.core.FlywayExecutor - Database: jdbc:mysql://localhost:3306/prueba_db?useSSL=false&allowPublicKeyRetrieval=true&serverTimezone=America/Lima&characterEncoding=UTF-8 (MySQL 5.5)
2026-04-12 16:57:47.849 INFO  [main] [rid:] o.f.core.internal.command.DbValidate - Successfully validated 8 migrations (execution time 00:00.024s)
2026-04-12 16:57:47.858 INFO  [main] [rid:] o.f.core.internal.command.DbMigrate - Current version of schema `prueba_db`: 7
2026-04-12 16:57:47.860 INFO  [main] [rid:] o.f.core.internal.command.DbMigrate - Schema `prueba_db` is up to date. No migration necessary.
2026-04-12 16:57:47.937 INFO  [main] [rid:] o.h.jpa.internal.util.LogHelper - HHH000204: Processing PersistenceUnitInfo [name: default]
2026-04-12 16:57:47.987 INFO  [main] [rid:] org.hibernate.Version - HHH000412: Hibernate ORM core version 6.6.45.Final
2026-04-12 16:57:48.012 INFO  [main] [rid:] o.h.c.i.RegionFactoryInitiator - HHH000026: Second-level cache disabled
2026-04-12 16:57:48.204 INFO  [main] [rid:] o.s.o.j.p.SpringPersistenceUnitInfo - No LoadTimeWeaver setup: ignoring JPA class transformer
2026-04-12 16:57:48.238 WARN  [main] [rid:] org.hibernate.dialect.Dialect - HHH000511: The 5.5.5 version for [org.hibernate.dialect.MySQLDialect] is no longer supported, hence certain features may not work properly. The minimum supported version is 8.0.0. Check the community dialects project for available legacy versions.
2026-04-12 16:57:48.241 WARN  [main] [rid:] org.hibernate.orm.deprecation - HHH90000025: MySQLDialect does not need to be specified explicitly using 'hibernate.dialect' (remove the property setting and it will be selected by default)
2026-04-12 16:57:48.251 INFO  [main] [rid:] o.hibernate.orm.connections.pooling - HHH10001005: Database info:
	Database JDBC URL [Connecting through datasource 'HikariDataSource (HikariPool-1)']
	Database driver: undefined/unknown
	Database version: 5.5.5
	Autocommit mode: undefined/unknown
	Isolation level: undefined/unknown
	Minimum pool size: undefined/unknown
	Maximum pool size: undefined/unknown
2026-04-12 16:57:49.152 INFO  [main] [rid:] o.h.e.t.j.p.i.JtaPlatformInitiator - HHH000489: No JTA platform available (set 'hibernate.transaction.jta.platform' to enable JTA platform integration)
2026-04-12 16:57:49.155 INFO  [main] [rid:] o.s.o.j.LocalContainerEntityManagerFactoryBean - Initialized JPA EntityManagerFactory for persistence unit 'default'
2026-04-12 16:57:49.511 WARN  [main] [rid:] o.s.aop.framework.CglibAopProxy - Unable to proxy interface-implementing method [public final void org.springframework.web.filter.GenericFilterBean.init(jakarta.servlet.FilterConfig) throws jakarta.servlet.ServletException] because it is marked as final, consider using interface-based JDK proxies instead.
2026-04-12 16:57:49.546 INFO  [main] [rid:] o.s.s.c.a.a.c.InitializeAuthenticationProviderBeanManagerConfigurer$InitializeAuthenticationProviderManagerConfigurer - Global AuthenticationManager configured with AuthenticationProvider bean with name authenticationProvider
2026-04-12 16:57:49.546 WARN  [main] [rid:] o.s.s.c.a.a.c.InitializeUserDetailsBeanManagerConfigurer$InitializeUserDetailsManagerConfigurer - Global AuthenticationManager configured with an AuthenticationProvider bean. UserDetailsService beans will not be used by Spring Security for automatically configuring username/password login. Consider removing the AuthenticationProvider bean. Alternatively, consider using the UserDetailsService in a manually instantiated DaoAuthenticationProvider. If the current configuration is intentional, to turn off this warning, increase the logging level of 'org.springframework.security.config.annotation.authentication.configuration.InitializeUserDetailsBeanManagerConfigurer' to ERROR
2026-04-12 16:57:49.583 INFO  [main] [rid:] o.s.d.j.r.query.QueryEnhancerFactory - Hibernate is in classpath; If applicable, HQL parser will be used.
2026-04-12 16:57:50.692 INFO  [main] [rid:] o.s.b.a.w.s.WelcomePageHandlerMapping - Adding welcome page: class path resource [static/index.html]
2026-04-12 16:57:50.889 INFO  [main] [rid:] o.s.b.a.e.web.EndpointLinksResolver - Exposing 3 endpoints beneath base path '/actuator'
2026-04-12 16:57:51.342 INFO  [main] [rid:] o.a.coyote.http11.Http11NioProtocol - Starting ProtocolHandler ["http-nio-8081"]
2026-04-12 16:57:51.345 WARN  [main] [rid:] o.s.b.w.s.c.AnnotationConfigServletWebServerApplicationContext - Exception encountered during context initialization - cancelling refresh attempt: org.springframework.context.ApplicationContextException: Failed to start bean 'webServerStartStop'
2026-04-12 16:57:51.352 INFO  [main] [rid:] o.s.o.j.LocalContainerEntityManagerFactoryBean - Closing JPA EntityManagerFactory for persistence unit 'default'
2026-04-12 16:57:51.354 INFO  [main] [rid:] com.zaxxer.hikari.HikariDataSource - HikariPool-1 - Shutdown initiated...
2026-04-12 16:57:51.359 INFO  [main] [rid:] com.zaxxer.hikari.HikariDataSource - HikariPool-1 - Shutdown completed.
2026-04-12 16:57:51.371 INFO  [main] [rid:] o.s.b.a.l.ConditionEvaluationReportLogger - 

Error starting ApplicationContext. To display the condition evaluation report re-run your application with 'debug' enabled.
2026-04-12 16:57:51.383 ERROR [main] [rid:] o.s.b.d.LoggingFailureAnalysisReporter - 

***************************
APPLICATION FAILED TO START
***************************

Description:

Web server failed to start. Port 8081 was already in use.

Action:

Identify and stop the process that's listening on port 8081 or configure this application to listen on another port.

[ERROR] Failed to execute goal org.springframework.boot:spring-boot-maven-plugin:3.5.13:run (default-cli) on project proyecto-integrador-casachantilly: Process terminated with exit code: 1 -> [Help 1]
[ERROR] 
[ERROR] To see the full stack trace of the errors, re-run Maven with the -e switch.
[ERROR] Re-run Maven using the -X switch to enable full debug logging.
[ERROR] 
[ERROR] For more information about the errors and possible solutions, please read the following articles:
[ERROR] [Help 1] http://cwiki.apache.org/confluence/display/MAVEN/MojoExecutionException
